<?xml version="1.0" encoding="UTF-8"?>
<testng-results skipped="0" failed="0" ignored="0" total="2" passed="2">
  <reporter-output>
  </reporter-output>
  <suite name="Default suite" duration-ms="45073" started-at="2017-08-23T14:53:08Z" finished-at="2017-08-23T14:53:53Z">
    <groups>
    </groups>
    <test name="Default test" duration-ms="45073" started-at="2017-08-23T14:53:08Z" finished-at="2017-08-23T14:53:53Z">
      <class name="com.appium.ios.iOS_UICatalog_Start">
        <test-method status="PASS" signature="startUp()[pri:0, instance:com.appium.ios.iOS_UICatalog_Start@4cf777e8]" name="startUp" is-config="true" duration-ms="34614" started-at="2017-08-23T20:23:08Z" finished-at="2017-08-23T20:23:43Z">
          <reporter-output>
          </reporter-output>
        </test-method> <!-- startUp -->
        <test-method status="PASS" signature="TestCase_001()[pri:0, instance:com.appium.ios.iOS_UICatalog_Start@4cf777e8]" name="TestCase_001" duration-ms="1186" started-at="2017-08-23T20:23:43Z" finished-at="2017-08-23T20:23:44Z">
          <reporter-output>
          </reporter-output>
        </test-method> <!-- TestCase_001 -->
        <test-method status="PASS" signature="TestCase_Switches()[pri:0, instance:com.appium.ios.iOS_UICatalog_Start@4cf777e8]" name="TestCase_Switches" duration-ms="9249" started-at="2017-08-23T20:23:44Z" finished-at="2017-08-23T20:23:53Z">
          <reporter-output>
          </reporter-output>
        </test-method> <!-- TestCase_Switches -->
      </class> <!-- com.appium.ios.iOS_UICatalog_Start -->
    </test> <!-- Default test -->
  </suite> <!-- Default suite -->
</testng-results>
